
------------------------------------
  Logging start.  ## CURRENT TIME  : [10/3, 2012   10:19  0.155]  ## COMMAND LINE  : 
cmd /C "gen_csini.exe"
------------------------------------
[STD-IN] : C:\Users\student\Atollic\TrueSTUDIO\ARM_workspace\rumankoys\sp-vrs-rumankoys\.metadata\.plugins\sst.csgp\bin\env_vars.txt
GUI is waiting for subprocess to be done...
Execution done. EXIT CODE = 0
  Logging finished.  ## CURRENT TIME  : [10/3, 2012   10:19  2.277]
------------------------------------

------------------------------------
  Logging start.  ## CURRENT TIME  : [10/3, 2012   10:28  56.767]  ## COMMAND LINE  : 
cmd /C "gen_csini.exe"
------------------------------------
[STD-IN] : C:\Users\student\Atollic\TrueSTUDIO\ARM_workspace\rumankoys\sp-vrs-rumankoys\.metadata\.plugins\sst.csgp\bin\env_vars.txt
GUI is waiting for subprocess to be done...
Execution done. EXIT CODE = 0
  Logging finished.  ## CURRENT TIME  : [10/3, 2012   10:28  59.73]
------------------------------------

------------------------------------
  Logging start.  ## CURRENT TIME  : [10/10, 2012   10:10  45.711]  ## COMMAND LINE  : 
cmd /C "gen_csini.exe"
------------------------------------
[STD-IN] : C:\Users\student\Atollic\TrueSTUDIO\ARM_workspace\rumankoys\sp-vrs-rumankoys\.metadata\.plugins\sst.csgp\bin\env_vars.txt
GUI is waiting for subprocess to be done...
Execution done. EXIT CODE = 0
  Logging finished.  ## CURRENT TIME  : [10/10, 2012   10:10  47.926]
------------------------------------
